c:\users\arifh\downloads\compressed\spaceshooter\spaceshooter\debug\vc141.pdb
c:\users\arifh\downloads\compressed\spaceshooter\spaceshooter\debug\vc141.idb
c:\users\arifh\downloads\compressed\spaceshooter\spaceshooter\debug\asteroid.obj
c:\users\arifh\downloads\compressed\spaceshooter\spaceshooter\debug\bullet.obj
c:\users\arifh\downloads\compressed\spaceshooter\spaceshooter\debug\button.obj
c:\users\arifh\downloads\compressed\spaceshooter\spaceshooter\debug\fileconfig.obj
c:\users\arifh\downloads\compressed\spaceshooter\spaceshooter\debug\imageloader.obj
c:\users\arifh\downloads\compressed\spaceshooter\spaceshooter\debug\main.obj
c:\users\arifh\downloads\compressed\spaceshooter\spaceshooter\debug\structs.obj
c:\users\arifh\downloads\compressed\spaceshooter\spaceshooter\debug\image_dxt.obj
c:\users\arifh\downloads\compressed\spaceshooter\spaceshooter\debug\image_helper.obj
c:\users\arifh\downloads\compressed\spaceshooter\spaceshooter\debug\soil.obj
c:\users\arifh\downloads\compressed\spaceshooter\spaceshooter\debug\stb_image_aug.obj
c:\users\arifh\downloads\compressed\spaceshooter\debug\spaceshooter.ilk
c:\users\arifh\downloads\compressed\spaceshooter\debug\spaceshooter.exe
c:\users\arifh\downloads\compressed\spaceshooter\debug\spaceshooter.pdb
c:\users\arifh\downloads\compressed\spaceshooter\spaceshooter\debug\spaceshooter.tlog\cl.command.1.tlog
c:\users\arifh\downloads\compressed\spaceshooter\spaceshooter\debug\spaceshooter.tlog\cl.read.1.tlog
c:\users\arifh\downloads\compressed\spaceshooter\spaceshooter\debug\spaceshooter.tlog\cl.write.1.tlog
c:\users\arifh\downloads\compressed\spaceshooter\spaceshooter\debug\spaceshooter.tlog\link.command.1.tlog
c:\users\arifh\downloads\compressed\spaceshooter\spaceshooter\debug\spaceshooter.tlog\link.read.1.tlog
c:\users\arifh\downloads\compressed\spaceshooter\spaceshooter\debug\spaceshooter.tlog\link.write.1.tlog
